./programs/invalid/bad_comment.min: INVALID: (line 1) unknown character '#'
./programs/invalid/bad_declaration_none.min: ./run.sh: line 8: 89778 Segmentation fault: 11  ./src/minilang < "$1"
./programs/invalid/bad_declaration_repeated.min: ./run.sh: line 8: 89784 Segmentation fault: 11  ./src/minilang < "$1"
./programs/invalid/bad_float.min: INVALID: syntax error before -1.0111- --> error: syntax error
./programs/invalid/bad_if.min: INVALID: syntax error before -- --> error: syntax error
./programs/invalid/bad_string.min: INVALID: (line 7) unknown character ','
./programs/invalid/bad_type_assignment.min: ./run.sh: line 8: 89808 Segmentation fault: 11  ./src/minilang < "$1"
./programs/invalid/bad_type_int_string.min: ./run.sh: line 8: 89814 Segmentation fault: 11  ./src/minilang < "$1"
./programs/invalid/bad_type_string_division.min: ./run.sh: line 8: 89820 Segmentation fault: 11  ./src/minilang < "$1"
./programs/invalid/bad_type_while.min: ./run.sh: line 8: 89826 Segmentation fault: 11  ./src/minilang < "$1"
./programs/invalid/bad_while.min: INVALID: syntax error before -docurrent- --> error: syntax error
./programs/invalid/comment1.min: INVALID: (line 2) unknown character '#'
./programs/invalid/decl1.min: INVALID: syntax error before -;- --> error: syntax error
./programs/invalid/decl2.min: INVALID: syntax error before -:- --> error: syntax error
./programs/invalid/decl3.min: INVALID: syntax error before -- --> error: syntax error
./programs/invalid/decl4.min: INVALID: syntax error before -:- --> error: syntax error
./programs/invalid/decl5.min: INVALID: syntax error before -FLOAT- --> error: syntax error
./programs/invalid/decl6.min: INVALID: syntax error before -=- --> error: syntax error
./programs/invalid/decl7.min: INVALID: syntax error before -var- --> error: syntax error
./programs/invalid/decl8.min: INVALID: (line 2) unknown character '#'
./programs/invalid/expr1.min: INVALID: (line 2) unknown character '~'
./programs/invalid/expr2.min: INVALID: (line 2) unknown character '%'
./programs/invalid/expr3.min: INVALID: syntax error before -;- --> error: syntax error
./programs/invalid/expr4.min: INVALID: syntax error before -)- --> error: syntax error
./programs/invalid/expr5.min: INVALID: syntax error before -)- --> error: syntax error
./programs/invalid/expr6.min: INVALID: syntax error before -+- --> error: syntax error
./programs/invalid/if1.min: INVALID: syntax error before -- --> error: syntax error
./programs/invalid/if2.min: INVALID: syntax error before -print- --> error: syntax error
./programs/invalid/if3.min: INVALID: syntax error before -end- --> error: syntax error
./programs/invalid/if4.min: INVALID: syntax error before -=- --> error: syntax error
./programs/invalid/ifelse1.min: INVALID: syntax error before -print- --> error: syntax error
./programs/invalid/ifelse2.min: INVALID: syntax error before -- --> error: syntax error
./programs/invalid/ifelse3.min: INVALID: syntax error before -;- --> error: syntax error
./programs/invalid/ifwhile1.min: INVALID: syntax error before -endif- --> error: syntax error
./programs/invalid/ifwhile2.min: INVALID: syntax error before -done- --> error: syntax error
./programs/invalid/invalid1.min: INVALID: syntax error before -hello- --> error: syntax error
./programs/invalid/invalid2.min: INVALID: syntax error before -bye- --> error: syntax error
./programs/invalid/invalid3.min: INVALID: syntax error before -- --> error: syntax error
./programs/invalid/invalid4.min: INVALID: syntax error before -res- --> error: syntax error
./programs/invalid/invalid5.min: ./run.sh: line 8: 90006 Segmentation fault: 11  ./src/minilang < "$1"
./programs/invalid/invalid6.min: INVALID: syntax error before -1- --> error: syntax error
./programs/invalid/invalid7.min: INVALID: (line 1) unknown character '.'
./programs/invalid/invalid8.min: ./run.sh: line 8: 90024 Segmentation fault: 11  ./src/minilang < "$1"
./programs/invalid/literal1.min: INVALID: syntax error before -1- --> error: syntax error
./programs/invalid/literal2.min: INVALID: syntax error before -1.3- --> error: syntax error
./programs/invalid/literal3.min: INVALID: (line 2) unknown character '.'
./programs/invalid/literal4.min: INVALID: (line 2) unknown character '.'
./programs/invalid/literal5.min: INVALID: syntax error before -0- --> error: syntax error
./programs/invalid/literal6.min: INVALID: syntax error before -- --> error: syntax error
./programs/invalid/literal8.min: INVALID: syntax error before -world- --> error: syntax error
./programs/invalid/no_semi_colon.min: INVALID: syntax error before -s- --> error: syntax error
./programs/invalid/stmt1.min: INVALID: syntax error before -- --> error: syntax error
./programs/invalid/stmt10.min: INVALID: syntax error before -*- --> error: syntax error
./programs/invalid/stmt2.min: INVALID: syntax error before -- --> error: syntax error
./programs/invalid/stmt3.min: INVALID: syntax error before -- --> error: syntax error
./programs/invalid/stmt4.min: INVALID: syntax error before -;- --> error: syntax error
./programs/invalid/stmt5.min: INVALID: syntax error before -;- --> error: syntax error
./programs/invalid/stmt6.min: INVALID: syntax error before -18- --> error: syntax error
./programs/invalid/stmt7.min: INVALID: syntax error before -(- --> error: syntax error
./programs/invalid/stmt8.min: INVALID: syntax error before -;- --> error: syntax error
./programs/invalid/stmt9.min: INVALID: syntax error before -3- --> error: syntax error
./programs/invalid/while1.min: INVALID: syntax error before -print- --> error: syntax error
./programs/invalid/while2.min: INVALID: syntax error before -- --> error: syntax error
./programs/invalid/while3.min: INVALID: syntax error before -print- --> error: syntax error
./programs/invalid/while4.min: INVALID: syntax error before -do- --> error: syntax error
./programs/invalid/while5.min: INVALID: syntax error before -;- --> error: syntax error
./programs/invalid/while6.min: INVALID: syntax error before -=- --> error: syntax error
